<?xml version="1.0" encoding="UTF-8"?>
<testsuite xmlns:xsi="http://www.w3.org/2001/XMLSchema-instance" xsi:noNamespaceSchemaLocation="https://maven.apache.org/surefire/maven-surefire-plugin/xsd/surefire-test-report.xsd" name="CucumberTest.TestRunner" time="224.877" tests="3" errors="0" skipped="0" failures="0">
  <properties>
[...]
</properties>
  <testcase name="User Launch browser" classname="Validating Login Process" time="16.825"/>
  <testcase name="User search for the flight" classname="Validating Login Process" time="207.377"/>
  <testcase name="Validating Login Process" classname="Validating Login Process" time="207.393"/>
</testsuite>